<?xml version="1.0" encoding="UTF-8"?>
<!-- Generated by org.testng.reporters.JUnitReportReporter -->
<testsuite hostname="TANMOY_DATTA" failures="0" tests="1" name="handle_web_element.TC05_Actions" time="18.029" errors="0" timestamp="2023-02-25T14:29:10 BDT" skipped="0">
  <testcase classname="handle_web_element.TC05_Actions" name="TestDifferntAction" time="18.029"/>
  <system-out/>
</testsuite> <!-- handle_web_element.TC05_Actions -->
