<?xml version="1.0" encoding="UTF-8"?>
<!-- Generated by org.testng.reporters.JUnitReportReporter -->
<testsuite hostname="TANMOY_DATTA" failures="0" tests="1" name="handle_web_element.TC02Get_Nevigate" time="10.460" errors="0" timestamp="2023-01-22T18:39:37 BDT" skipped="0">
  <testcase classname="handle_web_element.TC02Get_Nevigate" name="handleBrowserWindow" time="10.460"/>
  <system-out/>
</testsuite> <!-- handle_web_element.TC02Get_Nevigate -->
