<?xml version="1.0" encoding="UTF-8"?>
<!-- Generated by org.testng.reporters.JUnitReportReporter -->
<testsuite hostname="TANMOY_DATTA" failures="0" tests="1" name="handle_web_element.TC04SelectTagDropDown" time="11.277" errors="0" timestamp="2023-02-24T23:42:16 BDT" skipped="0">
  <testcase classname="handle_web_element.TC04SelectTagDropDown" name="slectTag" time="11.277"/>
  <system-out/>
</testsuite> <!-- handle_web_element.TC04SelectTagDropDown -->
