<?xml version="1.0" encoding="UTF-8"?>
<!-- Generated by org.testng.reporters.JUnitReportReporter -->
<testsuite hostname="TANMOY_DATTA" failures="0" tests="1" name="handle_web_element.TC06_Test_Allert" time="11.040" errors="0" timestamp="2023-02-26T16:49:35 BDT" skipped="0">
  <testcase classname="handle_web_element.TC06_Test_Allert" name="TestAllert" time="11.040"/>
  <system-out/>
</testsuite> <!-- handle_web_element.TC06_Test_Allert -->
