<?xml version="1.0" encoding="UTF-8"?>
<!-- Generated by org.testng.reporters.JUnitReportReporter -->
<testsuite hostname="TANMOY_DATTA" failures="0" tests="1" name="locator.Locator_learning_Advance" time="10.254" errors="0" timestamp="2023-01-22T17:46:54 BDT" skipped="0">
  <testcase classname="locator.Locator_learning_Advance" name="option" time="10.254"/>
  <system-out/>
</testsuite> <!-- locator.Locator_learning_Advance -->
