<?xml version="1.0" encoding="UTF-8"?>
<!-- Generated by org.testng.reporters.JUnitReportReporter -->
<testsuite hostname="TANMOY_DATTA" failures="0" tests="2" name="handle_web_element.TC01TestNgExample" time="0.029" errors="0" timestamp="2023-01-22T00:39:41 BDT" skipped="0">
  <testcase classname="handle_web_element.TC01TestNgExample" name="test2" time="0.017"/>
  <system-out/>
  <testcase classname="handle_web_element.TC01TestNgExample" name="test1" time="0.012"/>
  <system-out/>
</testsuite> <!-- handle_web_element.TC01TestNgExample -->
