<?xml version="1.0" encoding="UTF-8"?>
<!-- Generated by org.testng.reporters.JUnitReportReporter -->
<testsuite hostname="TANMOY_DATTA" failures="0" tests="1" name="handle_web_element.JsInAutomatation" time="12.491" errors="0" timestamp="2023-02-26T20:00:36 BDT" skipped="0">
  <testcase classname="handle_web_element.JsInAutomatation" name="ScrollUsingJs" time="12.491"/>
  <system-out/>
</testsuite> <!-- handle_web_element.JsInAutomatation -->
